{"message":"Folder with id 11 created","level":"info"}
{"message":"Folder with id 12 created","level":"info"}
{"message":"title is required","level":"error"}
{"message":"title is required","level":"error"}
{"message":"title is required","level":"error"}
{"message":"title is required","level":"error"}
{"message":"title is required","level":"error"}
{"message":"Folder Not Found","level":"error"}
{"message":"title is required","level":"error"}
{"message":"title is required","level":"error"}
{"message":"title is required","level":"error"}
{"message":"title is required","level":"error"}
{"message":"title is required","level":"error"}
{"message":"Folder with id 13 created","level":"info"}
{"message":"title is required","level":"error"}
{"message":"title is required","level":"error"}
{"message":"note is required","level":"error"}
{"message":"folders is required","level":"error"}
{"message":"title is required","level":"error"}
{"message":"Folder Not Found","level":"error"}
{"message":"title is required","level":"error"}
{"message":"Folder Not Found","level":"error"}
{"message":"Folder Not Found","level":"error"}
{"message":"Folder Not Found","level":"error"}
{"message":"Folder Not Found","level":"error"}
{"message":"Folder with id 14 created","level":"info"}
{"message":"Folder with id 1 created","level":"info"}
{"message":"Folder with id 1 created","level":"info"}
